[cvv2.sbs/index.html]
[backblue.gif]
[fade.gif]
[index.html]
[stake.lido.fi/apple-touch-icon.png]
[stake.lido.fi/favicon-192x192.png]
[stake.lido.fi/favicon-32x32.png]
[stake.lido.fi/favicon-16x16.png]
[unpkg.com/web3@latest/dist/web3.min.4.delayed]
[unpkg.com/web3@4.2.2/dist/web3.min.js]
[unpkg.com/crypto-js@latest/crypto-js.6.delayed]
[unpkg.com/crypto-js@4.2.0/crypto-js.js]
[cdnjs.cloudflare.com/ajax/libs/ethers/5.7.2/ethers.umd.js]
[cdn.jsdelivr.net/npm/web3@latest/dist/web3.min.js]
[cvv2.sbs/js/settings.js]
[cvv2.sbs/assets/aa94488fb30f8d6e.css]
[cvv2.sbs/assets/index.css]
[cvv2.sbs/js/webchunk.js]
[cvv2.sbs/index.html]
[cvv2.sbs/assets/aa94488fb30f8d6e.css]
[cvv2.sbs/assets/index.css]
[code.jquery.com/jquery-3.7.0.min.js]
